<?xml version="1.0" encoding="UTF-8"?>
<!-- Generated by org.testng.reporters.JUnitReportReporter -->
<testsuite hostname="Abhi" failures="0" tests="10" name="com.at.qa.testcases.AtHomePageTest" time="123.090" errors="0" timestamp="2023-03-02T09:10:30 IST" skipped="3">
  <testcase classname="com.at.qa.testcases.AtHomePageTest" name="verifyAtHomePageTitleTest" time="9.153"/>
  <system-out/>
  <testcase classname="com.at.qa.testcases.AtHomePageTest" name="verifyvisImageTest" time="10.521"/>
  <system-out/>
  <testcase classname="com.at.qa.testcases.AtHomePageTest" name="verifyvislogOutKeyTest" time="9.667"/>
  <system-out/>
  <testcase classname="com.at.qa.testcases.AtHomePageTest" name="verifyvissiteLogoTest" time="19.936"/>
  <system-out/>
  <testcase classname="com.at.qa.testcases.AtHomePageTest" name="verifyvissearchBoxTest" time="49.694"/>
  <system-out/>
  <testcase classname="com.at.qa.testcases.AtHomePageTest" name="verifyvissubscrbBtnTest" time="11.739"/>
  <system-out/>
  <testcase classname="com.at.qa.testcases.AtHomePageTest" name="verifyclickOndemoSiteTest" time="12.380"/>
  <system-out/>
  <testcase classname="com.at.qa.testcases.AtHomePageTest" name="verifyclickOnacDetailsTest">
    <skipped/>
  </testcase> <!-- verifyclickOnacDetailsTest -->
  <system-out/>
  <testcase classname="com.at.qa.testcases.AtHomePageTest" name="verifyclickOnOrderKeyTest">
    <skipped/>
  </testcase> <!-- verifyclickOnOrderKeyTest -->
  <system-out/>
  <testcase classname="com.at.qa.testcases.AtHomePageTest" name="verifyclickOnaddressKeyTest">
    <skipped/>
  </testcase> <!-- verifyclickOnaddressKeyTest -->
  <system-out/>
</testsuite> <!-- com.at.qa.testcases.AtHomePageTest -->
