<?xml version="1.0" encoding="UTF-8"?>
<!-- Generated by org.testng.reporters.JUnitReportReporter -->
<testsuite hostname="Abhi" failures="0" tests="4" name="com.at.qa.testcases.AtLoginPageTest" time="32.528" errors="0" timestamp="2023-03-02T09:10:30 IST" skipped="0">
  <testcase classname="com.at.qa.testcases.AtLoginPageTest" name="auImageTest" time="6.475"/>
  <system-out/>
  <testcase classname="com.at.qa.testcases.AtLoginPageTest" name="visibleTestCasesTest" time="6.437"/>
  <system-out/>
  <testcase classname="com.at.qa.testcases.AtLoginPageTest" name="loginKeyTest" time="7.528"/>
  <system-out/>
  <testcase classname="com.at.qa.testcases.AtLoginPageTest" name="LoginTest" time="12.088"/>
  <system-out/>
</testsuite> <!-- com.at.qa.testcases.AtLoginPageTest -->
