<?xml version="1.0" encoding="UTF-8"?>
<!-- Generated by org.testng.reporters.JUnitReportReporter -->
<testsuite hostname="Abhi" failures="0" tests="7" name="com.at.qa.testcases.DemoSiteTest" time="128.357" errors="0" timestamp="2023-03-02T09:10:30 IST" skipped="0">
  <testcase classname="com.at.qa.testcases.DemoSiteTest" name="verifyregKeyTest" time="21.911"/>
  <system-out/>
  <testcase classname="com.at.qa.testcases.DemoSiteTest" name="verifysbBtnTest" time="18.517"/>
  <system-out/>
  <testcase classname="com.at.qa.testcases.DemoSiteTest" name="verifyrefBtnTest" time="16.697"/>
  <system-out/>
  <testcase classname="com.at.qa.testcases.DemoSiteTest" name="validateNewRegister" time="14.871"/>
  <system-out/>
  <testcase classname="com.at.qa.testcases.DemoSiteTest" name="validateNewRegister" time="18.147"/>
  <system-out/>
  <testcase classname="com.at.qa.testcases.DemoSiteTest" name="validateNewRegister" time="19.721"/>
  <system-out/>
  <testcase classname="com.at.qa.testcases.DemoSiteTest" name="validateNewRegister" time="18.493"/>
  <system-out/>
</testsuite> <!-- com.at.qa.testcases.DemoSiteTest -->
